<?xml version="1.0" encoding="UTF-8"?>
<!-- Generated by org.testng.reporters.JUnitReportReporter -->
<testsuite hostname="WUKKP185186-PY5" failures="0" tests="1" name="fortesting.Jenkinclass2" time="0.008" errors="0" timestamp="2024-02-22T13:14:50 GMT" skipped="0">
  <testcase classname="fortesting.Jenkinclass2" name="classforjenkumon" time="0.008"/>
</testsuite> <!-- fortesting.Jenkinclass2 -->
